[baseline-browser-mapping] The data in this module is over two months old.  To ensure accurate Baseline data, please update: `npm i baseline-browser-mapping@latest -D`

Rebuilding...
CssSyntaxError: tailwindcss: /Users/prashantjadon/Desktop/healthcareapppaid/dummy/src/app/globals.css:86:5: The `bg-palette-primary` class does not exist. If `bg-palette-primary` is a custom class, make sure it is defined within a `@layer` directive.
    at Input.error (/Users/prashantjadon/Desktop/healthcareapppaid/dummy/node_modules/postcss/lib/input.js:135:16)
    at AtRule.error (/Users/prashantjadon/Desktop/healthcareapppaid/dummy/node_modules/postcss/lib/node.js:146:32)
    at processApply (/Users/prashantjadon/Desktop/healthcareapppaid/dummy/node_modules/tailwindcss/lib/lib/expandApplyAtRules.js:380:29)
    at /Users/prashantjadon/Desktop/healthcareapppaid/dummy/node_modules/tailwindcss/lib/lib/expandApplyAtRules.js:538:9
    at /Users/prashantjadon/Desktop/healthcareapppaid/dummy/node_modules/tailwindcss/lib/processTailwindFeatures.js:57:50
    at async Object.Once (/Users/prashantjadon/Desktop/healthcareapppaid/dummy/node_modules/tailwindcss/lib/cli/build/plugin.js:250:17)
    at async LazyResult.runAsync (/Users/prashantjadon/Desktop/healthcareapppaid/dummy/node_modules/postcss/lib/lazy-result.js:293:11)
    at async build (/Users/prashantjadon/Desktop/healthcareapppaid/dummy/node_modules/tailwindcss/lib/cli/build/index.js:49:9) {
  reason: 'The `bg-palette-primary` class does not exist. If `bg-palette-primary` is a custom class, make sure it is defined within a `@layer` directive.',
  file: '/Users/prashantjadon/Desktop/healthcareapppaid/dummy/src/app/globals.css',
  source: '@tailwind base;\n' +
    '@tailwind components;\n' +
    '@tailwind utilities;\n' +
    '\n' +
    '@layer base {\n' +
    '  html {\n' +
    '    scroll-behavior: smooth;\n' +
    '  }\n' +
    '\n' +
    '  body {\n' +
    '    @apply bg-white text-black font-sans;\n' +
    '  }\n' +
    '\n' +
    '  /* Color Palette 1 - Fresh & Natural */\n' +
    '  :root[data-palette="1"] {\n' +
    '    --primary: #203936;\n' +
    '    --primary-dark: #132D22;\n' +
    '    --accent: #F7EBD3;\n' +
    '    --secondary: #B97B40;\n' +
    '    --light: #F7EBD3;\n' +
    '    --background: #F7EBD3;\n' +
    '  }\n' +
    '\n' +
    '  /* Color Palette 2 - Earthy & Warm */\n' +
    '  :root[data-palette="2"] {\n' +
    '    --primary: #2B493D;\n' +
    '    --primary-dark: #1B3431;\n' +
    '    --accent: #B77538;\n' +
    '    --secondary: #889790;\n' +
    '    --light: #F7EBD3;\n' +
    '    --background: #97A49A;\n' +
    '  }\n' +
    '\n' +
    '  /* Color Palette 3 - Warm & Professional */\n' +
    '  :root[data-palette="3"] {\n' +
    '    --primary: #4D7D7D;\n' +
    '    --primary-dark: #172838;\n' +
    '    --accent: #F5EDE0;\n' +
    '    --secondary: #202D3E;\n' +
    '    --light: #F5EDE0;\n' +
    '    --background: #F5EDE0;\n' +
    '  }\n' +
    '\n' +
    '  /* Default to Palette 1 */\n' +
    '  :root {\n' +
    '    --primary: #203936;\n' +
    '    --primary-dark: #132D22;\n' +
    '    --accent: #F7EBD3;\n' +
    '    --secondary: #B97B40;\n' +
    '    --light: #F7EBD3;\n' +
    '    --background: #F7EBD3;\n' +
    '  }\n' +
    '}\n' +
    '\n' +
    '@layer components {\n' +
    '  .glass-effect {\n' +
    '    @apply backdrop-blur-sm bg-white/5 border border-white/10;\n' +
    '  }\n' +
    '\n' +
    '  .premium-card {\n' +
    '    @apply bg-white/95 backdrop-blur-xl border border-black/5 rounded-3xl transition-all duration-500 hover:shadow-xl hover:-translate-y-1;\n' +
    '  }\n' +
    '\n' +
    '  .premium-card-dark {\n' +
    '    @apply bg-black/40 backdrop-blur-xl border border-white/10 rounded-3xl transition-all duration-500 hover:shadow-2xl hover:-translate-y-1;\n' +
    '  }\n' +
    '\n' +
    '  .gradient-text {\n' +
    '    @apply bg-gradient-to-r from-black to-gray-600 bg-clip-text text-transparent;\n' +
    '  }\n' +
    '\n' +
    '  .premium-shadow {\n' +
    '    box-shadow: 0 10px 40px -10px rgba(0, 0, 0, 0.08);\n' +
    '  }\n' +
    '\n' +
    '  .typography-hero {\n' +
    '    @apply font-black tracking-tighter;\n' +
    '    line-height: 1.05;\n' +
    '  }\n' +
    '\n' +
    '  .pill-button {\n' +
    '    @apply px-8 py-4 rounded-full font-bold transition-all duration-300 flex items-center justify-center;\n' +
    '  }\n' +
    '\n' +
    '  .pill-button-primary {\n' +
    '    @apply bg-palette-primary text-white hover:bg-palette-primary-dark hover:scale-105 shadow-md hover:shadow-xl;\n' +
    '  }\n' +
    '\n' +
    '  .pill-button-outline {\n' +
    '    @apply border-2 border-palette-primary text-palette-primary hover:bg-palette-primary hover:text-white hover:scale-105 transition-all;\n' +
    '  }\n' +
    '\n' +
    '  /* Color Palette Utility Classes */\n' +
    '  .palette-primary {\n' +
    '    background-color: var(--primary);\n' +
    '  }\n' +
    '\n' +
    '  .palette-primary-dark {\n' +
    '    background-color: var(--primary-dark);\n' +
    '  }\n' +
    '\n' +
    '  .palette-accent {\n' +
    '    background-color: var(--accent);\n' +
    '  }\n' +
    '\n' +
    '  .palette-secondary {\n' +
    '    background-color: var(--secondary);\n' +
    '  }\n' +
    '\n' +
    '  .palette-light {\n' +
    '    background-color: var(--light);\n' +
    '  }\n' +
    '\n' +
    '  .palette-background {\n' +
    '    background-color: var(--background);\n' +
    '  }\n' +
    '\n' +
    '  .text-palette-primary {\n' +
    '    color: var(--primary);\n' +
    '  }\n' +
    '\n' +
    '  .text-palette-primary-dark {\n' +
    '    color: var(--primary-dark);\n' +
    '  }\n' +
    '\n' +
    '  .text-palette-accent {\n' +
    '    color: var(--accent);\n' +
    '  }\n' +
    '\n' +
    '  .text-palette-secondary {\n' +
    '    color: var(--secondary);\n' +
    '  }\n' +
    '\n' +
    '  .text-palette-light {\n' +
    '    color: var(--light);\n' +
    '  }\n' +
    '\n' +
    '  .border-palette-primary {\n' +
    '    border-color: var(--primary);\n' +
    '  }\n' +
    '\n' +
    '  .border-palette-accent {\n' +
    '    border-color: var(--accent);\n' +
    '  }\n' +
    '\n' +
    '  .gradient-palette {\n' +
    '    background: linear-gradient(135deg, var(--primary), var(--primary-dark));\n' +
    '  }\n' +
    '\n' +
    '  .gradient-palette-accent {\n' +
    '    background: linear-gradient(135deg, var(--accent), var(--secondary));\n' +
    '  }\n' +
    '\n' +
    '  .parallax-container {\n' +
    '    perspective: 1px;\n' +
    '    height: 100vh;\n' +
    '    overflow-x: hidden;\n' +
    '    overflow-y: auto;\n' +
    '  }\n' +
    '\n' +
    '  .parallax-element {\n' +
    '    position: absolute;\n' +
    '    top: 0;\n' +
    '    right: 0;\n' +
    '    bottom: 0;\n' +
    '    left: 0;\n' +
    '  }\n' +
    '\n' +
    '  .parallax-back {\n' +
    '    transform: translateZ(-1px) scale(2);\n' +
    '  }\n' +
    '\n' +
    '  .parallax-base {\n' +
    '    transform: translateZ(0);\n' +
    '  }\n' +
    '}\n' +
    '\n' +
    '@layer utilities {\n' +
    '  .text-shadow {\n' +
    '    text-shadow: 0 2px 4px rgba(0, 0, 0, 0.1);\n' +
    '  }\n' +
    '\n' +
    '  .animate-float {\n' +
    '    animation: float 6s ease-in-out infinite;\n' +
    '  }\n' +
    '\n' +
    '  @keyframes float {\n' +
    '\n' +
    '    0%,\n' +
    '    100% {\n' +
    '      transform: translateY(0px);\n' +
    '    }\n' +
    '\n' +
    '    50% {\n' +
    '      transform: translateY(-20px);\n' +
    '    }\n' +
    '  }\n' +
    '\n' +
    '  .animate-fade-in {\n' +
    '    animation: fadeIn 0.8s ease-out;\n' +
    '  }\n' +
    '\n' +
    '  @keyframes fadeIn {\n' +
    '    from {\n' +
    '      opacity: 0;\n' +
    '      transform: translateY(30px);\n' +
    '    }\n' +
    '\n' +
    '    to {\n' +
    '      opacity: 1;\n' +
    '      transform: translateY(0);\n' +
    '    }\n' +
    '  }\n' +
    '\n' +
    '  /* Google Translate Widget Styling - Premium Redesign */\n' +
    '  .google-translate-widget {\n' +
    '    position: fixed;\n' +
    '    bottom: 24px;\n' +
    '    right: 24px;\n' +
    '    z-index: 1000;\n' +
    '    background: linear-gradient(135deg, rgba(255, 255, 255, 0.95), rgba(255, 255, 255, 0.85));\n' +
    '    backdrop-filter: blur(20px) saturate(180%);\n' +
    '    -webkit-backdrop-filter: blur(20px) saturate(180%);\n' +
    '    box-shadow:\n' +
    '      0 8px 32px rgba(0, 0, 0, 0.08),\n' +
    '      0 2px 8px rgba(0, 0, 0, 0.04),\n' +
    '      inset 0 1px 0 rgba(255, 255, 255, 0.8);\n' +
    '    border: 1px solid rgba(255, 255, 255, 0.3);\n' +
    '    transition: all 0.4s cubic-bezier(0.4, 0, 0.2, 1);\n' +
    '  }\n' +
    '\n' +
    '  .google-translate-widget.is-open {\n' +
    '    padding: 16px;\n' +
    '    border-radius: 20px;\n' +
    '    min-width: 220px;\n' +
    '  }\n' +
    '\n' +
    '  .google-translate-widget.is-closed {\n' +
    '    width: 56px;\n' +
    '    height: 56px;\n' +
    '    border-radius: 50%;\n' +
    '    display: flex;\n' +
    '    align-items: center;\n' +
    '    justify-content: center;\n' +
    '    cursor: pointer;\n' +
    '  }\n' +
    '\n' +
    '  .google-translate-widget.is-closed:hover {\n' +
    '    transform: translateY(-4px) scale(1.05);\n' +
    '    box-shadow:\n' +
    '      0 12px 48px rgba(0, 0, 0, 0.12),\n' +
    '      0 4px 16px rgba(0, 0, 0, 0.08);\n' +
    '  }\n' +
    '\n' +
    '  .translate-widget-header {\n' +
    '    display: flex;\n' +
    '    align-items: center;\n' +
    '    gap: 8px;\n' +
    '  }\n' +
    '\n' +
    '  .google-translate-widget.is-open .translate-widget-header {\n' +
    '    margin-bottom: 12px;\n' +
    '    padding-bottom: 10px;\n' +
    '    border-bottom: 1px solid rgba(0, 0, 0, 0.06);\n' +
    '  }\n' +
    '\n' +
    '  .google-translate-widget.is-open .translate-icon {\n' +
    '    width: 20px;\n' +
    '    height: 20px;\n' +
    '    color: #203936;\n' +
    '    animation: rotate-globe 20s linear infinite;\n' +
    '  }\n' +
    '\n' +
    '  .google-translate-widget.is-closed .translate-icon {\n' +
    '    width: 28px;\n' +
    '    height: 28px;\n' +
    '    color: #203936;\n' +
    '    transition: transform 0.3s ease;\n' +
    '  }\n' +
    '\n' +
    '  .google-translate-widget.is-closed:hover .translate-icon {\n' +
    '    transform: rotate(45deg);\n' +
    '  }\n' +
    '\n' +
    '  @keyframes rotate-globe {\n' +
    '    0% {\n' +
    '      transform: rotate(0deg);\n' +
    '    }\n' +
    '\n' +
    '    100% {\n' +
    '      transform: rotate(360deg);\n' +
    '    }\n' +
    '  }\n' +
    '\n' +
    '  .translate-label {\n' +
    '    font-size: 14px;\n' +
    '    font-weight: 600;\n' +
    '    color: #203936;\n' +
    '    letter-spacing: 0.3px;\n' +
    '  }\n' +
    '\n' +
    '  /* Style the Google Translate dropdown */\n' +
    '  #google_translate_element {\n' +
    '    margin-top: 4px;\n' +
    '  }\n' +
    '\n' +
    '  #google_translate_element select {\n' +
    '    border: 1px solid rgba(32, 57, 54, 0.15);\n' +
    '    background: rgba(247, 235, 211, 0.3);\n' +
    '    font-size: 13px;\n' +
    '    font-weight: 500;\n' +
    '    color: #203936;\n' +
    '    cursor: pointer;\n' +
    '    outline: none;\n' +
    '    padding: 8px 12px;\n' +
    '    border-radius: 10px;\n' +
    '    width: 100%;\n' +
    '    transition: all 0.3s ease;\n' +
    '    font-family: inherit;\n' +
    '  }\n' +
    '\n' +
    '  #google_translate_element select:hover {\n' +
    '    background: rgba(247, 235, 211, 0.5);\n' +
    '    border-color: rgba(32, 57, 54, 0.3);\n' +
    '    box-shadow: 0 2px 8px rgba(32, 57, 54, 0.1);\n' +
    '  }\n' +
    '\n' +
    '  #google_translate_element select:focus {\n' +
    '    outline: none;\n' +
    '    border-color: #203936;\n' +
    '    background: rgba(247, 235, 211, 0.6);\n' +
    '    box-shadow: 0 0 0 3px rgba(32, 57, 54, 0.1);\n' +
    '  }\n' +
    '\n' +
    '  /* Hide Google branding */\n' +
    '  .goog-te-banner-frame {\n' +
    '    display: none !important;\n' +
    '  }\n' +
    '\n' +
    '  .goog-te-gadget {\n' +
    '    color: transparent !important;\n' +
    '    font-size: 0 !important;\n' +
    '  }\n' +
    '\n' +
    '  .goog-te-gadget img {\n' +
    '    display: none !important;\n' +
    '  }\n' +
    '\n' +
    '  .goog-te-gadget-simple {\n' +
    '    background-color: transparent !important;\n' +
    '    border: none !important;\n' +
    '    padding: 0 !important;\n' +
    '  }\n' +
    '\n' +
    '  .goog-te-gadget-simple .goog-te-menu-value {\n' +
    '    color: #203936 !important;\n' +
    '    font-family: inherit !important;\n' +
    '    font-weight: 500 !important;\n' +
    '  }\n' +
    '\n' +
    '  .goog-te-gadget-simple .goog-te-menu-value span {\n' +
    '    color: #203936 !important;\n' +
    '  }\n' +
    '\n' +
    '  .goog-te-gadget-simple .goog-te-menu-value span:first-child {\n' +
    '    display: none;\n' +
    '  }\n' +
    '\n' +
    '  /* Style the dropdown arrow */\n' +
    '  .goog-te-gadget-simple .goog-te-menu-value span[style] {\n' +
    '    border-left-color: #203936 !important;\n' +
    '  }\n' +
    '\n' +
    '  /* Mobile responsive */\n' +
    '  @media (max-width: 768px) {\n' +
    '    .google-translate-widget.is-open {\n' +
    '      padding: 12px;\n' +
    '      min-width: 180px;\n' +
    '      border-radius: 16px;\n' +
    '    }\n' +
    '\n' +
    '    .google-translate-widget {\n' +
    '      bottom: 20px;\n' +
    '      right: 12px;\n' +
    '    }\n' +
    '\n' +
    '    .google-translate-widget.is-closed {\n' +
    '      width: 48px;\n' +
    '      height: 48px;\n' +
    '    }\n' +
    '\n' +
    '    .google-translate-widget.is-open .translate-widget-header {\n' +
    '      margin-bottom: 8px;\n' +
    '      padding-bottom: 8px;\n' +
    '    }\n' +
    '\n' +
    '    .google-translate-widget.is-open .translate-icon {\n' +
    '      width: 18px;\n' +
    '      height: 18px;\n' +
    '    }\n' +
    '\n' +
    '    .translate-label {\n' +
    '      font-size: 13px;\n' +
    '    }\n' +
    '\n' +
    '    #google_translate_element select {\n' +
    '      font-size: 12px;\n' +
    '      padding: 6px 10px;\n' +
    '    }\n' +
    '  }\n' +
    '\n' +
    '  /* Dark palette support */\n' +
    '  [data-palette="2"] .google-translate-widget,\n' +
    '  [data-palette="1"] .google-translate-widget {\n' +
    '    background: linear-gradient(135deg, rgba(247, 235, 211, 0.98), rgba(247, 235, 211, 0.92));\n' +
    '  }\n' +
    '\n' +
    '  [data-palette="3"] .google-translate-widget {\n' +
    '    background: linear-gradient(135deg, rgba(245, 237, 224, 0.98), rgba(245, 237, 224, 0.92));\n' +
    '  }\n' +
    '\n' +
    '  [data-palette="3"] .translate-icon,\n' +
    '  [data-palette="3"] .translate-label {\n' +
    '    color: #202D3E;\n' +
    '  }\n' +
    '\n' +
    '  [data-palette="3"] #google_translate_element select {\n' +
    '    background: rgba(77, 125, 125, 0.1);\n' +
    '    border-color: rgba(77, 125, 125, 0.2);\n' +
    '    color: #202D3E;\n' +
    '  }\n' +
    '\n' +
    '  [data-palette="3"] #google_translate_element select:hover {\n' +
    '    background: rgba(77, 125, 125, 0.2);\n' +
    '    border-color: rgba(77, 125, 125, 0.3);\n' +
    '  }\n' +
    '\n' +
    '  /* Fix for body margin added by Google Translate */\n' +
    '  body {\n' +
    '    top: 0 !important;\n' +
    '  }\n' +
    '\n' +
    '  .skiptranslate {\n' +
    '    display: none !important;\n' +
    '  }\n' +
    '\n' +
    '  /* Smooth entrance animation */\n' +
    '  @keyframes slideInRight {\n' +
    '    from {\n' +
    '      opacity: 0;\n' +
    '      transform: translateX(100px);\n' +
    '    }\n' +
    '\n' +
    '    to {\n' +
    '      opacity: 1;\n' +
    '      transform: translateX(0);\n' +
    '    }\n' +
    '  }\n' +
    '\n' +
    '  .google-translate-widget {\n' +
    '    animation: slideInRight 0.6s cubic-bezier(0.4, 0, 0.2, 1) 0.5s both;\n' +
    '  }\n' +
    '}',
  line: 86,
  column: 5,
  endLine: 86,
  endColumn: 114,
  input: {
    column: 5,
    endColumn: 114,
    endLine: 86,
    endOffset: 2030,
    line: 86,
    offset: 1921,
    source: '@tailwind base;\n' +
      '@tailwind components;\n' +
      '@tailwind utilities;\n' +
      '\n' +
      '@layer base {\n' +
      '  html {\n' +
      '    scroll-behavior: smooth;\n' +
      '  }\n' +
      '\n' +
      '  body {\n' +
      '    @apply bg-white text-black font-sans;\n' +
      '  }\n' +
      '\n' +
      '  /* Color Palette 1 - Fresh & Natural */\n' +
      '  :root[data-palette="1"] {\n' +
      '    --primary: #203936;\n' +
      '    --primary-dark: #132D22;\n' +
      '    --accent: #F7EBD3;\n' +
      '    --secondary: #B97B40;\n' +
      '    --light: #F7EBD3;\n' +
      '    --background: #F7EBD3;\n' +
      '  }\n' +
      '\n' +
      '  /* Color Palette 2 - Earthy & Warm */\n' +
      '  :root[data-palette="2"] {\n' +
      '    --primary: #2B493D;\n' +
      '    --primary-dark: #1B3431;\n' +
      '    --accent: #B77538;\n' +
      '    --secondary: #889790;\n' +
      '    --light: #F7EBD3;\n' +
      '    --background: #97A49A;\n' +
      '  }\n' +
      '\n' +
      '  /* Color Palette 3 - Warm & Professional */\n' +
      '  :root[data-palette="3"] {\n' +
      '    --primary: #4D7D7D;\n' +
      '    --primary-dark: #172838;\n' +
      '    --accent: #F5EDE0;\n' +
      '    --secondary: #202D3E;\n' +
      '    --light: #F5EDE0;\n' +
      '    --background: #F5EDE0;\n' +
      '  }\n' +
      '\n' +
      '  /* Default to Palette 1 */\n' +
      '  :root {\n' +
      '    --primary: #203936;\n' +
      '    --primary-dark: #132D22;\n' +
      '    --accent: #F7EBD3;\n' +
      '    --secondary: #B97B40;\n' +
      '    --light: #F7EBD3;\n' +
      '    --background: #F7EBD3;\n' +
      '  }\n' +
      '}\n' +
      '\n' +
      '@layer components {\n' +
      '  .glass-effect {\n' +
      '    @apply backdrop-blur-sm bg-white/5 border border-white/10;\n' +
      '  }\n' +
      '\n' +
      '  .premium-card {\n' +
      '    @apply bg-white/95 backdrop-blur-xl border border-black/5 rounded-3xl transition-all duration-500 hover:shadow-xl hover:-translate-y-1;\n' +
      '  }\n' +
      '\n' +
      '  .premium-card-dark {\n' +
      '    @apply bg-black/40 backdrop-blur-xl border border-white/10 rounded-3xl transition-all duration-500 hover:shadow-2xl hover:-translate-y-1;\n' +
      '  }\n' +
      '\n' +
      '  .gradient-text {\n' +
      '    @apply bg-gradient-to-r from-black to-gray-600 bg-clip-text text-transparent;\n' +
      '  }\n' +
      '\n' +
      '  .premium-shadow {\n' +
      '    box-shadow: 0 10px 40px -10px rgba(0, 0, 0, 0.08);\n' +
      '  }\n' +
      '\n' +
      '  .typography-hero {\n' +
      '    @apply font-black tracking-tighter;\n' +
      '    line-height: 1.05;\n' +
      '  }\n' +
      '\n' +
      '  .pill-button {\n' +
      '    @apply px-8 py-4 rounded-full font-bold transition-all duration-300 flex items-center justify-center;\n' +
      '  }\n' +
      '\n' +
      '  .pill-button-primary {\n' +
      '    @apply bg-palette-primary text-white hover:bg-palette-primary-dark hover:scale-105 shadow-md hover:shadow-xl;\n' +
      '  }\n' +
      '\n' +
      '  .pill-button-outline {\n' +
      '    @apply border-2 border-palette-primary text-palette-primary hover:bg-palette-primary hover:text-white hover:scale-105 transition-all;\n' +
      '  }\n' +
      '\n' +
      '  /* Color Palette Utility Classes */\n' +
      '  .palette-primary {\n' +
      '    background-color: var(--primary);\n' +
      '  }\n' +
      '\n' +
      '  .palette-primary-dark {\n' +
      '    background-color: var(--primary-dark);\n' +
      '  }\n' +
      '\n' +
      '  .palette-accent {\n' +
      '    background-color: var(--accent);\n' +
      '  }\n' +
      '\n' +
      '  .palette-secondary {\n' +
      '    background-color: var(--secondary);\n' +
      '  }\n' +
      '\n' +
      '  .palette-light {\n' +
      '    background-color: var(--light);\n' +
      '  }\n' +
      '\n' +
      '  .palette-background {\n' +
      '    background-color: var(--background);\n' +
      '  }\n' +
      '\n' +
      '  .text-palette-primary {\n' +
      '    color: var(--primary);\n' +
      '  }\n' +
      '\n' +
      '  .text-palette-primary-dark {\n' +
      '    color: var(--primary-dark);\n' +
      '  }\n' +
      '\n' +
      '  .text-palette-accent {\n' +
      '    color: var(--accent);\n' +
      '  }\n' +
      '\n' +
      '  .text-palette-secondary {\n' +
      '    color: var(--secondary);\n' +
      '  }\n' +
      '\n' +
      '  .text-palette-light {\n' +
      '    color: var(--light);\n' +
      '  }\n' +
      '\n' +
      '  .border-palette-primary {\n' +
      '    border-color: var(--primary);\n' +
      '  }\n' +
      '\n' +
      '  .border-palette-accent {\n' +
      '    border-color: var(--accent);\n' +
      '  }\n' +
      '\n' +
      '  .gradient-palette {\n' +
      '    background: linear-gradient(135deg, var(--primary), var(--primary-dark));\n' +
      '  }\n' +
      '\n' +
      '  .gradient-palette-accent {\n' +
      '    background: linear-gradient(135deg, var(--accent), var(--secondary));\n' +
      '  }\n' +
      '\n' +
      '  .parallax-container {\n' +
      '    perspective: 1px;\n' +
      '    height: 100vh;\n' +
      '    overflow-x: hidden;\n' +
      '    overflow-y: auto;\n' +
      '  }\n' +
      '\n' +
      '  .parallax-element {\n' +
      '    position: absolute;\n' +
      '    top: 0;\n' +
      '    right: 0;\n' +
      '    bottom: 0;\n' +
      '    left: 0;\n' +
      '  }\n' +
      '\n' +
      '  .parallax-back {\n' +
      '    transform: translateZ(-1px) scale(2);\n' +
      '  }\n' +
      '\n' +
      '  .parallax-base {\n' +
      '    transform: translateZ(0);\n' +
      '  }\n' +
      '}\n' +
      '\n' +
      '@layer utilities {\n' +
      '  .text-shadow {\n' +
      '    text-shadow: 0 2px 4px rgba(0, 0, 0, 0.1);\n' +
      '  }\n' +
      '\n' +
      '  .animate-float {\n' +
      '    animation: float 6s ease-in-out infinite;\n' +
      '  }\n' +
      '\n' +
      '  @keyframes float {\n' +
      '\n' +
      '    0%,\n' +
      '    100% {\n' +
      '      transform: translateY(0px);\n' +
      '    }\n' +
      '\n' +
      '    50% {\n' +
      '      transform: translateY(-20px);\n' +
      '    }\n' +
      '  }\n' +
      '\n' +
      '  .animate-fade-in {\n' +
      '    animation: fadeIn 0.8s ease-out;\n' +
      '  }\n' +
      '\n' +
      '  @keyframes fadeIn {\n' +
      '    from {\n' +
      '      opacity: 0;\n' +
      '      transform: translateY(30px);\n' +
      '    }\n' +
      '\n' +
      '    to {\n' +
      '      opacity: 1;\n' +
      '      transform: translateY(0);\n' +
      '    }\n' +
      '  }\n' +
      '\n' +
      '  /* Google Translate Widget Styling - Premium Redesign */\n' +
      '  .google-translate-widget {\n' +
      '    position: fixed;\n' +
      '    bottom: 24px;\n' +
      '    right: 24px;\n' +
      '    z-index: 1000;\n' +
      '    background: linear-gradient(135deg, rgba(255, 255, 255, 0.95), rgba(255, 255, 255, 0.85));\n' +
      '    backdrop-filter: blur(20px) saturate(180%);\n' +
      '    -webkit-backdrop-filter: blur(20px) saturate(180%);\n' +
      '    box-shadow:\n' +
      '      0 8px 32px rgba(0, 0, 0, 0.08),\n' +
      '      0 2px 8px rgba(0, 0, 0, 0.04),\n' +
      '      inset 0 1px 0 rgba(255, 255, 255, 0.8);\n' +
      '    border: 1px solid rgba(255, 255, 255, 0.3);\n' +
      '    transition: all 0.4s cubic-bezier(0.4, 0, 0.2, 1);\n' +
      '  }\n' +
      '\n' +
      '  .google-translate-widget.is-open {\n' +
      '    padding: 16px;\n' +
      '    border-radius: 20px;\n' +
      '    min-width: 220px;\n' +
      '  }\n' +
      '\n' +
      '  .google-translate-widget.is-closed {\n' +
      '    width: 56px;\n' +
      '    height: 56px;\n' +
      '    border-radius: 50%;\n' +
      '    display: flex;\n' +
      '    align-items: center;\n' +
      '    justify-content: center;\n' +
      '    cursor: pointer;\n' +
      '  }\n' +
      '\n' +
      '  .google-translate-widget.is-closed:hover {\n' +
      '    transform: translateY(-4px) scale(1.05);\n' +
      '    box-shadow:\n' +
      '      0 12px 48px rgba(0, 0, 0, 0.12),\n' +
      '      0 4px 16px rgba(0, 0, 0, 0.08);\n' +
      '  }\n' +
      '\n' +
      '  .translate-widget-header {\n' +
      '    display: flex;\n' +
      '    align-items: center;\n' +
      '    gap: 8px;\n' +
      '  }\n' +
      '\n' +
      '  .google-translate-widget.is-open .translate-widget-header {\n' +
      '    margin-bottom: 12px;\n' +
      '    padding-bottom: 10px;\n' +
      '    border-bottom: 1px solid rgba(0, 0, 0, 0.06);\n' +
      '  }\n' +
      '\n' +
      '  .google-translate-widget.is-open .translate-icon {\n' +
      '    width: 20px;\n' +
      '    height: 20px;\n' +
      '    color: #203936;\n' +
      '    animation: rotate-globe 20s linear infinite;\n' +
      '  }\n' +
      '\n' +
      '  .google-translate-widget.is-closed .translate-icon {\n' +
      '    width: 28px;\n' +
      '    height: 28px;\n' +
      '    color: #203936;\n' +
      '    transition: transform 0.3s ease;\n' +
      '  }\n' +
      '\n' +
      '  .google-translate-widget.is-closed:hover .translate-icon {\n' +
      '    transform: rotate(45deg);\n' +
      '  }\n' +
      '\n' +
      '  @keyframes rotate-globe {\n' +
      '    0% {\n' +
      '      transform: rotate(0deg);\n' +
      '    }\n' +
      '\n' +
      '    100% {\n' +
      '      transform: rotate(360deg);\n' +
      '    }\n' +
      '  }\n' +
      '\n' +
      '  .translate-label {\n' +
      '    font-size: 14px;\n' +
      '    font-weight: 600;\n' +
      '    color: #203936;\n' +
      '    letter-spacing: 0.3px;\n' +
      '  }\n' +
      '\n' +
      '  /* Style the Google Translate dropdown */\n' +
      '  #google_translate_element {\n' +
      '    margin-top: 4px;\n' +
      '  }\n' +
      '\n' +
      '  #google_translate_element select {\n' +
      '    border: 1px solid rgba(32, 57, 54, 0.15);\n' +
      '    background: rgba(247, 235, 211, 0.3);\n' +
      '    font-size: 13px;\n' +
      '    font-weight: 500;\n' +
      '    color: #203936;\n' +
      '    cursor: pointer;\n' +
      '    outline: none;\n' +
      '    padding: 8px 12px;\n' +
      '    border-radius: 10px;\n' +
      '    width: 100%;\n' +
      '    transition: all 0.3s ease;\n' +
      '    font-family: inherit;\n' +
      '  }\n' +
      '\n' +
      '  #google_translate_element select:hover {\n' +
      '    background: rgba(247, 235, 211, 0.5);\n' +
      '    border-color: rgba(32, 57, 54, 0.3);\n' +
      '    box-shadow: 0 2px 8px rgba(32, 57, 54, 0.1);\n' +
      '  }\n' +
      '\n' +
      '  #google_translate_element select:focus {\n' +
      '    outline: none;\n' +
      '    border-color: #203936;\n' +
      '    background: rgba(247, 235, 211, 0.6);\n' +
      '    box-shadow: 0 0 0 3px rgba(32, 57, 54, 0.1);\n' +
      '  }\n' +
      '\n' +
      '  /* Hide Google branding */\n' +
      '  .goog-te-banner-frame {\n' +
      '    display: none !important;\n' +
      '  }\n' +
      '\n' +
      '  .goog-te-gadget {\n' +
      '    color: transparent !important;\n' +
      '    font-size: 0 !important;\n' +
      '  }\n' +
      '\n' +
      '  .goog-te-gadget img {\n' +
      '    display: none !important;\n' +
      '  }\n' +
      '\n' +
      '  .goog-te-gadget-simple {\n' +
      '    background-color: transparent !important;\n' +
      '    border: none !important;\n' +
      '    padding: 0 !important;\n' +
      '  }\n' +
      '\n' +
      '  .goog-te-gadget-simple .goog-te-menu-value {\n' +
      '    color: #203936 !important;\n' +
      '    font-family: inherit !important;\n' +
      '    font-weight: 500 !important;\n' +
      '  }\n' +
      '\n' +
      '  .goog-te-gadget-simple .goog-te-menu-value span {\n' +
      '    color: #203936 !important;\n' +
      '  }\n' +
      '\n' +
      '  .goog-te-gadget-simple .goog-te-menu-value span:first-child {\n' +
      '    display: none;\n' +
      '  }\n' +
      '\n' +
      '  /* Style the dropdown arrow */\n' +
      '  .goog-te-gadget-simple .goog-te-menu-value span[style] {\n' +
      '    border-left-color: #203936 !important;\n' +
      '  }\n' +
      '\n' +
      '  /* Mobile responsive */\n' +
      '  @media (max-width: 768px) {\n' +
      '    .google-translate-widget.is-open {\n' +
      '      padding: 12px;\n' +
      '      min-width: 180px;\n' +
      '      border-radius: 16px;\n' +
      '    }\n' +
      '\n' +
      '    .google-translate-widget {\n' +
      '      bottom: 20px;\n' +
      '      right: 12px;\n' +
      '    }\n' +
      '\n' +
      '    .google-translate-widget.is-closed {\n' +
      '      width: 48px;\n' +
      '      height: 48px;\n' +
      '    }\n' +
      '\n' +
      '    .google-translate-widget.is-open .translate-widget-header {\n' +
      '      margin-bottom: 8px;\n' +
      '      padding-bottom: 8px;\n' +
      '    }\n' +
      '\n' +
      '    .google-translate-widget.is-open .translate-icon {\n' +
      '      width: 18px;\n' +
      '      height: 18px;\n' +
      '    }\n' +
      '\n' +
      '    .translate-label {\n' +
      '      font-size: 13px;\n' +
      '    }\n' +
      '\n' +
      '    #google_translate_element select {\n' +
      '      font-size: 12px;\n' +
      '      padding: 6px 10px;\n' +
      '    }\n' +
      '  }\n' +
      '\n' +
      '  /* Dark palette support */\n' +
      '  [data-palette="2"] .google-translate-widget,\n' +
      '  [data-palette="1"] .google-translate-widget {\n' +
      '    background: linear-gradient(135deg, rgba(247, 235, 211, 0.98), rgba(247, 235, 211, 0.92));\n' +
      '  }\n' +
      '\n' +
      '  [data-palette="3"] .google-translate-widget {\n' +
      '    background: linear-gradient(135deg, rgba(245, 237, 224, 0.98), rgba(245, 237, 224, 0.92));\n' +
      '  }\n' +
      '\n' +
      '  [data-palette="3"] .translate-icon,\n' +
      '  [data-palette="3"] .translate-label {\n' +
      '    color: #202D3E;\n' +
      '  }\n' +
      '\n' +
      '  [data-palette="3"] #google_translate_element select {\n' +
      '    background: rgba(77, 125, 125, 0.1);\n' +
      '    border-color: rgba(77, 125, 125, 0.2);\n' +
      '    color: #202D3E;\n' +
      '  }\n' +
      '\n' +
      '  [data-palette="3"] #google_translate_element select:hover {\n' +
      '    background: rgba(77, 125, 125, 0.2);\n' +
      '    border-color: rgba(77, 125, 125, 0.3);\n' +
      '  }\n' +
      '\n' +
      '  /* Fix for body margin added by Google Translate */\n' +
      '  body {\n' +
      '    top: 0 !important;\n' +
      '  }\n' +
      '\n' +
      '  .skiptranslate {\n' +
      '    display: none !important;\n' +
      '  }\n' +
      '\n' +
      '  /* Smooth entrance animation */\n' +
      '  @keyframes slideInRight {\n' +
      '    from {\n' +
      '      opacity: 0;\n' +
      '      transform: translateX(100px);\n' +
      '    }\n' +
      '\n' +
      '    to {\n' +
      '      opacity: 1;\n' +
      '      transform: translateX(0);\n' +
      '    }\n' +
      '  }\n' +
      '\n' +
      '  .google-translate-widget {\n' +
      '    animation: slideInRight 0.6s cubic-bezier(0.4, 0, 0.2, 1) 0.5s both;\n' +
      '  }\n' +
      '}',
    url: 'file:///Users/prashantjadon/Desktop/healthcareapppaid/dummy/src/app/globals.css',
    file: '/Users/prashantjadon/Desktop/healthcareapppaid/dummy/src/app/globals.css'
  },
  plugin: 'tailwindcss'
}
